<?xml version="1.0" encoding="UTF-8"?>
<testng-results skipped="0" failed="0" total="1" passed="1">
  <reporter-output>
  </reporter-output>
  <suite name="Default suite" duration-ms="2175" started-at="2020-05-05T08:54:00Z" finished-at="2020-05-05T08:54:02Z">
    <groups>
    </groups>
    <test name="Default test" duration-ms="2175" started-at="2020-05-05T08:54:00Z" finished-at="2020-05-05T08:54:02Z">
      <class name="com.qa.testcases.GetAPITest">
        <test-method status="PASS" signature="setUp()[pri:0, instance:com.qa.testcases.GetAPITest@c39f790]" name="setUp" is-config="true" duration-ms="1683" started-at="2020-05-05T03:54:00Z" finished-at="2020-05-05T03:54:01Z">
          <reporter-output>
          </reporter-output>
        </test-method> <!-- setUp -->
        <test-method status="PASS" signature="getAPITest()[pri:0, instance:com.qa.testcases.GetAPITest@c39f790]" name="getAPITest" duration-ms="475" started-at="2020-05-05T03:54:01Z" finished-at="2020-05-05T03:54:02Z">
          <reporter-output>
          </reporter-output>
        </test-method> <!-- getAPITest -->
      </class> <!-- com.qa.testcases.GetAPITest -->
    </test> <!-- Default test -->
  </suite> <!-- Default suite -->
</testng-results>
